<?xml version="1.0" encoding="UTF-8"?>
<testng-results ignored="0" total="1" passed="0" failed="1" skipped="0">
  <reporter-output>
  </reporter-output>
  <suite started-at="2022-06-30T08:40:37 IST" name="Suite" finished-at="2022-06-30T08:40:59 IST" duration-ms="21420">
    <groups>
    </groups>
    <test started-at="2022-06-30T08:40:37 IST" name="Test" finished-at="2022-06-30T08:40:59 IST" duration-ms="21420">
      <class name="testcases.VerifyAdminLogin">
        <test-method is-config="true" signature="launchBrowser()[pri:0, instance:testcases.VerifyAdminLogin@76b1e9b8]" started-at="2022-06-30T08:40:38 IST" name="launchBrowser" finished-at="2022-06-30T08:40:51 IST" duration-ms="13053" status="PASS">
          <reporter-output>
          </reporter-output>
        </test-method> <!-- launchBrowser -->
        <test-method signature="verifyAdminLogin()[pri:0, instance:testcases.VerifyAdminLogin@76b1e9b8]" started-at="2022-06-30T08:40:51 IST" name="verifyAdminLogin" finished-at="2022-06-30T08:40:58 IST" duration-ms="7287" status="FAIL">
          <exception class="java.lang.AssertionError">
            <message>
              <![CDATA[not matching with URL expected [true] but found [false]]]>
            </message>
            <full-stacktrace>
              <![CDATA[java.lang.AssertionError: not matching with URL expected [true] but found [false]
at org.testng.Assert.fail(Assert.java:99)
at org.testng.Assert.failNotEquals(Assert.java:1037)
at org.testng.Assert.assertTrue(Assert.java:45)
at pageclasses.AdminHomePage.logout(AdminHomePage.java:26)
at testcases.VerifyAdminLogin.verifyAdminLogin(VerifyAdminLogin.java:20)
at java.base/jdk.internal.reflect.NativeMethodAccessorImpl.invoke0(Native Method)
at java.base/jdk.internal.reflect.NativeMethodAccessorImpl.invoke(NativeMethodAccessorImpl.java:77)
at java.base/jdk.internal.reflect.DelegatingMethodAccessorImpl.invoke(DelegatingMethodAccessorImpl.java:43)
at java.base/java.lang.reflect.Method.invoke(Method.java:568)
at org.testng.internal.MethodInvocationHelper.invokeMethod(MethodInvocationHelper.java:133)
at org.testng.internal.TestInvoker.invokeMethod(TestInvoker.java:598)
at org.testng.internal.TestInvoker.invokeTestMethod(TestInvoker.java:173)
at org.testng.internal.MethodRunner.runInSequence(MethodRunner.java:46)
at org.testng.internal.TestInvoker$MethodInvocationAgent.invoke(TestInvoker.java:824)
at org.testng.internal.TestInvoker.invokeTestMethods(TestInvoker.java:146)
at org.testng.internal.TestMethodWorker.invokeTestMethods(TestMethodWorker.java:146)
at org.testng.internal.TestMethodWorker.run(TestMethodWorker.java:128)
at java.base/java.util.concurrent.ThreadPoolExecutor.runWorker(ThreadPoolExecutor.java:1136)
at java.base/java.util.concurrent.ThreadPoolExecutor$Worker.run(ThreadPoolExecutor.java:635)
at java.base/java.lang.Thread.run(Thread.java:833)
]]>
            </full-stacktrace>
          </exception> <!-- java.lang.AssertionError -->
          <reporter-output>
          </reporter-output>
        </test-method> <!-- verifyAdminLogin -->
        <test-method is-config="true" signature="closeBrowser()[pri:0, instance:testcases.VerifyAdminLogin@76b1e9b8]" started-at="2022-06-30T08:40:58 IST" name="closeBrowser" finished-at="2022-06-30T08:40:59 IST" duration-ms="974" status="PASS">
          <reporter-output>
          </reporter-output>
        </test-method> <!-- closeBrowser -->
      </class> <!-- testcases.VerifyAdminLogin -->
    </test> <!-- Test -->
  </suite> <!-- Suite -->
</testng-results>
